\BOOKMARK [0][-]{dummy.1}{\376\377\000D\000e\000c\000l\000a\000r\000a\000t\000i\000o\000n\000\040\000o\000f\000\040\000A\000u\000t\000h\000o\000r\000s\000h\000i\000p}{}% 1
\BOOKMARK [0][-]{dummy.2}{\376\377\000A\000b\000s\000t\000r\000a\000c\000t}{}% 2
\BOOKMARK [0][-]{dummy.3}{\376\377\000A\000c\000k\000n\000o\000w\000l\000e\000d\000g\000e\000m\000e\000n\000t\000s}{}% 3
\BOOKMARK [0][-]{dummy.4}{\376\377\000C\000o\000n\000t\000e\000n\000t\000s}{}% 4
\BOOKMARK [0][-]{dummy.6}{\376\377\000L\000i\000s\000t\000\040\000o\000f\000\040\000F\000i\000g\000u\000r\000e\000s}{}% 5
\BOOKMARK [0][-]{dummy.8}{\376\377\000L\000i\000s\000t\000\040\000o\000f\000\040\000T\000a\000b\000l\000e\000s}{}% 6
\BOOKMARK [0][-]{dummy.10}{\376\377\000A\000b\000b\000r\000e\000v\000i\000a\000t\000i\000o\000n\000s}{}% 7
\BOOKMARK [0][-]{dummy.13}{\376\377\000P\000h\000y\000s\000i\000c\000a\000l\000\040\000C\000o\000n\000s\000t\000a\000n\000t\000s}{}% 8
\BOOKMARK [0][-]{dummy.16}{\376\377\000S\000y\000m\000b\000o\000l\000s}{}% 9
\BOOKMARK [0][-]{chapter*.19}{\376\377\000I\000n\000t\000r\000o\000d\000u\000c\000t\000i\000o\000n}{}% 10
\BOOKMARK [0][-]{chapter.20}{\376\377\0001\000\040\000C\000o\000s\000m\000o\000l\000o\000g\000i\000e\000\040\000m\000o\000d\000e\000r\000n\000e}{}% 11
\BOOKMARK [1][-]{section.21}{\376\377\0001\000.\0001\000\040\000H\000i\000s\000t\000o\000r\000i\000q\000u\000e}{chapter.20}% 12
\BOOKMARK [2][-]{subsection.22}{\376\377\0001\000.\0001\000.\0001\000\040\000R\000e\000l\000a\000t\000i\000v\000i\000t\000\351\000\040\000g\000\351\000n\000\351\000r\000a\000l\000e}{section.21}% 13
\BOOKMARK [2][-]{subsection.23}{\376\377\0001\000.\0001\000.\0002\000\040\000P\000r\000i\000n\000c\000i\000p\000e\000\040\000c\000o\000s\000m\000o\000l\000o\000g\000i\000q\000u\000e}{section.21}% 14
\BOOKMARK [2][-]{subsection.24}{\376\377\0001\000.\0001\000.\0003\000\040\000M\000\351\000t\000r\000i\000q\000u\000e\000\040\000F\000L\000R\000W}{section.21}% 15
\BOOKMARK [2][-]{subsection.25}{\376\377\0001\000.\0001\000.\0004\000\040\000H\000u\000b\000b\000l\000e\000\040\000e\000t\000\040\000l\000a\000\040\000r\000\351\000c\000e\000s\000s\000i\000o\000n\000\040\000d\000e\000s\000\040\000g\000a\000l\000a\000x\000i\000e\000s}{section.21}% 16
\BOOKMARK [2][-]{subsection.26}{\376\377\0001\000.\0001\000.\0005\000\040\000L\000'\000a\000b\000o\000n\000d\000a\000n\000c\000e\000\040\000d\000e\000s\000\040\000\351\000l\000\351\000m\000e\000n\000t\000s}{section.21}% 17
\BOOKMARK [2][-]{subsection.27}{\376\377\0001\000.\0001\000.\0006\000\040\000L\000e\000\040\000f\000o\000n\000d\000\040\000d\000i\000f\000f\000u\000s\000\040\000c\000o\000s\000m\000o\000l\000o\000g\000i\000q\000u\000e}{section.21}% 18
\BOOKMARK [2][-]{subsection.28}{\376\377\0001\000.\0001\000.\0007\000\040\000M\000a\000t\000i\000\350\000r\000e\000\040\000n\000o\000i\000r\000e}{section.21}% 19
\BOOKMARK [2][-]{subsection.29}{\376\377\0001\000.\0001\000.\0008\000\040\000E\000n\000e\000r\000g\000i\000e\000\040\000n\000o\000i\000r\000e}{section.21}% 20
\BOOKMARK [1][-]{section.30}{\376\377\0001\000.\0002\000\040\000T\000h\000\351\000o\000r\000i\000e\000\040\000d\000u\000\040\000B\000i\000g\000\040\000B\000a\000n\000g\000\040\000e\000t\000\040\000m\000o\000d\000\350\000l\000e\000\040\000-\000C\000D\000M}{chapter.20}% 21
\BOOKMARK [2][-]{subsection.31}{\376\377\0001\000.\0002\000.\0001\000\040\000C\000h\000r\000o\000n\000o\000l\000o\000g\000i\000e}{section.30}% 22
\BOOKMARK [2][-]{subsection.32}{\376\377\0001\000.\0002\000.\0002\000\040\000C\000o\000n\000t\000e\000n\000u\000\040\000\351\000n\000e\000r\000g\000\351\000t\000i\000q\000u\000e\000\040\000d\000e\000\040\000l\000'\000u\000n\000i\000v\000e\000r\000s}{section.30}% 23
\BOOKMARK [3][-]{subsubsection.33}{\376\377\0001\000.\0002\000.\0002\000.\0001\000\040\000B\000a\000r\000y\000o\000n\000s}{subsection.32}% 24
\BOOKMARK [3][-]{subsubsection.34}{\376\377\0001\000.\0002\000.\0002\000.\0002\000\040\000P\000h\000o\000t\000o\000n\000s}{subsection.32}% 25
\BOOKMARK [3][-]{subsubsection.35}{\376\377\0001\000.\0002\000.\0002\000.\0003\000\040\000M\000a\000t\000i\000\350\000r\000e\000\040\000n\000o\000i\000r\000e}{subsection.32}% 26
\BOOKMARK [3][-]{subsubsection.36}{\376\377\0001\000.\0002\000.\0002\000.\0004\000\040\000E\000n\000e\000r\000g\000i\000e\000\040\000n\000o\000i\000r\000e}{subsection.32}% 27
\BOOKMARK [3][-]{subsubsection.37}{\376\377\0001\000.\0002\000.\0002\000.\0005\000\040\000N\000e\000u\000t\000r\000i\000n\000o\000s}{subsection.32}% 28
\BOOKMARK [2][-]{subsection.38}{\376\377\0001\000.\0002\000.\0003\000\040\000L\000i\000m\000i\000t\000e\000s\000\040\000d\000u\000\040\000m\000o\000d\000\350\000l\000e\000\040\000-\000C\000D\000M}{section.30}% 29
\BOOKMARK [3][-]{subsubsection.39}{\376\377\0001\000.\0002\000.\0003\000.\0001\000\040\000P\000r\000o\000b\000l\000\350\000m\000e\000\040\000d\000e\000\040\000l\000'\000h\000o\000r\000i\000z\000o\000n}{subsection.38}% 30
\BOOKMARK [3][-]{subsubsection.40}{\376\377\0001\000.\0002\000.\0003\000.\0002\000\040\000P\000r\000o\000b\000l\000\350\000m\000e\000\040\000d\000e\000\040\000l\000a\000\040\000c\000o\000u\000r\000b\000u\000r\000e}{subsection.38}% 31
\BOOKMARK [3][-]{subsubsection.41}{\376\377\0001\000.\0002\000.\0003\000.\0003\000\040\000P\000r\000o\000b\000l\000\350\000m\000e\000\040\000d\000e\000s\000\040\000m\000o\000n\000o\000p\000\364\000l\000e\000s}{subsection.38}% 32
\BOOKMARK [2][-]{subsection.42}{\376\377\0001\000.\0002\000.\0004\000\040\000P\000a\000r\000a\000d\000i\000g\000m\000e\000\040\000d\000e\000\040\000l\000'\000i\000n\000f\000l\000a\000t\000i\000o\000n}{section.30}% 33
\BOOKMARK [3][-]{subsubsection.43}{\376\377\0001\000.\0002\000.\0004\000.\0001\000\040\000P\000o\000s\000t\000u\000l\000a\000t\000s}{subsection.42}% 34
\BOOKMARK [3][-]{subsubsection.44}{\376\377\0001\000.\0002\000.\0004\000.\0002\000\040\000A\000p\000p\000o\000r\000t\000s\000\040\000a\000u\000\040\000m\000o\000d\000\350\000l\000e\000\040\000-\000C\000D\000M}{subsection.42}% 35
\BOOKMARK [3][-]{subsubsection.45}{\376\377\0001\000.\0002\000.\0004\000.\0003\000\040\000C\000o\000n\000s\000\351\000q\000u\000e\000n\000c\000e\000s\000\040\000o\000b\000s\000e\000r\000v\000a\000t\000i\000o\000n\000n\000e\000l\000l\000e\000s}{subsection.42}% 36
\BOOKMARK [0][-]{chapter.46}{\376\377\0002\000\040\000L\000e\000n\000t\000i\000l\000l\000a\000g\000e\000\040\000g\000r\000a\000v\000i\000t\000a\000t\000i\000o\000n\000n\000e\000l\000\040\000d\000u\000\040\000f\000o\000n\000d\000s\000\040\000d\000i\000f\000f\000u\000s\000\040\000c\000o\000s\000m\000o\000l\000o\000g\000i\000q\000u\000e}{}% 37
\BOOKMARK [1][-]{section.47}{\376\377\0002\000.\0001\000\040\000F\000o\000n\000d\000\040\000d\000i\000f\000f\000u\000s\000\040\000c\000o\000s\000m\000o\000l\000o\000g\000i\000q\000u\000e}{chapter.46}% 38
\BOOKMARK [2][-]{subsection.48}{\376\377\0002\000.\0001\000.\0001\000\040\000S\000p\000e\000c\000t\000r\000e\000\040\000d\000e\000\040\000p\000u\000i\000s\000s\000a\000n\000c\000e\000\040\000a\000n\000g\000u\000l\000a\000i\000r\000e}{section.47}% 39
\BOOKMARK [1][-]{section.49}{\376\377\0002\000.\0002\000\040\000L\000e\000n\000t\000i\000l\000l\000a\000g\000e\000\040\000g\000r\000a\000v\000i\000t\000a\000t\000i\000o\000n\000n\000e\000l}{chapter.46}% 40
\BOOKMARK [2][-]{subsection.50}{\376\377\0002\000.\0002\000.\0001\000\040\000O\000r\000i\000g\000i\000n\000e\000\040\000p\000h\000y\000s\000i\000q\000u\000e}{section.49}% 41
\BOOKMARK [2][-]{subsection.51}{\376\377\0002\000.\0002\000.\0002\000\040\000T\000h\000\351\000o\000r\000i\000e}{section.49}% 42
\BOOKMARK [2][-]{subsection.52}{\376\377\0002\000.\0002\000.\0003\000\040\000A\000p\000p\000l\000i\000c\000a\000t\000i\000o\000n\000s}{section.49}% 43
\BOOKMARK [1][-]{section.53}{\376\377\0002\000.\0003\000\040\000L\000e\000n\000t\000i\000l\000l\000a\000g\000e\000\040\000d\000u\000\040\000C\000M\000B}{chapter.46}% 44
\BOOKMARK [2][-]{subsection.54}{\376\377\0002\000.\0003\000.\0001\000\040\000T\000h\000\351\000o\000r\000i\000e}{section.53}% 45
\BOOKMARK [2][-]{subsection.55}{\376\377\0002\000.\0003\000.\0002\000\040\000E\000f\000f\000e\000t\000s\000\040\000o\000b\000s\000e\000r\000v\000a\000t\000i\000o\000n\000n\000e\000l\000s}{section.53}% 46
\BOOKMARK [0][-]{chapter.56}{\376\377\0003\000\040\000T\000r\000a\000c\000e\000u\000r\000s\000\040\000d\000e\000\040\000m\000a\000t\000i\000\350\000r\000e}{}% 47
\BOOKMARK [1][-]{section.57}{\376\377\0003\000.\0001\000\040\000F\000o\000r\000m\000a\000t\000i\000o\000n\000\040\000d\000e\000s\000\040\000s\000t\000r\000u\000c\000t\000u\000r\000e\000s}{chapter.56}% 48
\BOOKMARK [1][-]{section.58}{\376\377\0003\000.\0002\000\040\000G\000a\000l\000a\000x\000i\000e\000s}{chapter.56}% 49
\BOOKMARK [1][-]{section.59}{\376\377\0003\000.\0003\000\040\000Q\000u\000a\000s\000a\000r\000s}{chapter.56}% 50
\BOOKMARK [1][-]{section.60}{\376\377\0003\000.\0004\000\040\000A\000m\000a\000s\000\040\000d\000e\000\040\000g\000a\000l\000a\000x\000i\000e\000s}{chapter.56}% 51
\BOOKMARK [1][-]{section.61}{\376\377\0003\000.\0005\000\040\000N\000u\000a\000g\000e\000s\000\040\000d\000'\000h\000y\000d\000r\000o\000g\000\350\000n\000e\000\040\000n\000e\000u\000t\000r\000e}{chapter.56}% 52
\BOOKMARK [2][-]{subsection.62}{\376\377\0003\000.\0005\000.\0001\000\040\000F\000o\000r\000\352\000t\000\040\000L\000y\000m\000a\000n\000-}{section.61}% 53
\BOOKMARK [2][-]{subsection.63}{\376\377\0003\000.\0005\000.\0002\000\040\000R\000a\000i\000e\000\040\000\340\000\040\0002\0001\000\040\000c\000m}{section.61}% 54
\BOOKMARK [3][-]{section*.64}{\376\377\000E\000m\000i\000s\000s\000i\000o\000n\000s\000\040\000\340\000\040\000h\000a\000u\000t\000e\000s\000\040\000\351\000n\000e\000r\000g\000i\000e\000s}{subsection.63}% 55
\BOOKMARK [0][-]{chapter.65}{\376\377\0004\000\040\000C\000o\000r\000r\000\351\000l\000a\000t\000i\000o\000n\000s\000\040\000e\000n\000\040\000c\000o\000s\000m\000o\000l\000o\000g\000i\000e}{}% 56
\BOOKMARK [1][-]{section.66}{\376\377\0004\000.\0001\000\040\000D\000\351\000f\000i\000n\000i\000t\000i\000o\000n}{chapter.65}% 57
\BOOKMARK [2][-]{subsection.67}{\376\377\0004\000.\0001\000.\0001\000\040\000A\000u\000t\000o\000-\000c\000o\000r\000r\000\351\000l\000a\000t\000i\000o\000n}{section.66}% 58
\BOOKMARK [2][-]{subsection.68}{\376\377\0004\000.\0001\000.\0002\000\040\000C\000o\000r\000r\000\351\000l\000a\000t\000i\000o\000n\000\040\000c\000r\000o\000i\000s\000\351\000e}{section.66}% 59
\BOOKMARK [1][-]{section.69}{\376\377\0004\000.\0002\000\040\000L\000e\000s\000\040\000m\000e\000s\000u\000r\000e\000s\000\040\000d\000e\000\040\000c\000o\000r\000r\000\351\000l\000a\000t\000i\000o\000n\000s\000\040\000e\000n\000\040\000c\000o\000s\000m\000o\000l\000o\000g\000i\000e}{chapter.65}% 60
\BOOKMARK [2][-]{subsection.70}{\376\377\0004\000.\0002\000.\0001\000\040\000F\000o\000n\000c\000t\000i\000o\000n\000\040\000\340\000\040\000d\000e\000u\000x\000\040\000p\000o\000i\000n\000t\000s}{section.69}% 61
\BOOKMARK [2][-]{subsection.71}{\376\377\0004\000.\0002\000.\0002\000\040\000S\000p\000e\000c\000t\000r\000e\000\040\000d\000e\000\040\000p\000u\000i\000s\000s\000a\000n\000c\000e}{section.69}% 62
\BOOKMARK [2][-]{subsection.72}{\376\377\0004\000.\0002\000.\0003\000\040\000F\000o\000n\000c\000t\000i\000o\000n\000\040\000d\000e\000\040\000c\000o\000r\000r\000\351\000l\000a\000t\000i\000o\000n\000\040\000a\000n\000g\000u\000l\000a\000i\000r\000e}{section.69}% 63
\BOOKMARK [2][-]{subsection.73}{\376\377\0004\000.\0002\000.\0004\000\040\000S\000p\000e\000c\000t\000r\000e\000\040\000d\000e\000\040\000p\000u\000i\000s\000s\000a\000n\000c\000e\000\040\000a\000n\000g\000u\000l\000a\000i\000r\000e}{section.69}% 64
\BOOKMARK [1][-]{section.74}{\376\377\0004\000.\0003\000\040\000C\000a\000l\000c\000u\000l\000\040\000t\000h\000\351\000o\000r\000i\000q\000u\000e}{chapter.65}% 65
\BOOKMARK [2][-]{subsection.75}{\376\377\0004\000.\0003\000.\0001\000\040\000A\000p\000p\000r\000o\000x\000i\000m\000a\000t\000i\000o\000n\000\040\000d\000e\000\040\000L\000i\000m\000b\000e\000r}{section.74}% 66
\BOOKMARK [2][-]{subsection.76}{\376\377\0004\000.\0003\000.\0002\000\040\000E\000x\000e\000m\000p\000l\000e\000s\000\040\000d\000e\000\040\000n\000o\000y\000a\000u\000x}{section.74}% 67
\BOOKMARK [1][-]{section.77}{\376\377\0004\000.\0004\000\040\000A\000v\000a\000n\000t\000a\000g\000e\000s\000\040\000d\000e\000\040\000l\000a\000\040\000c\000o\000r\000r\000\351\000l\000a\000t\000i\000o\000n\000\040\000c\000r\000o\000i\000s\000\351\000e}{chapter.65}% 68
\BOOKMARK [2][-]{subsection.78}{\376\377\0004\000.\0004\000.\0001\000\040\000E\000x\000e\000m\000p\000l\000e\000\040\000t\000h\000\351\000o\000r\000i\000q\000u\000e}{section.77}% 69
\BOOKMARK [2][-]{subsection.79}{\376\377\0004\000.\0004\000.\0002\000\040\000Q\000u\000e\000l\000q\000u\000e\000s\000\040\000r\000\351\000s\000u\000l\000t\000a\000t\000s\000\040\000r\000\351\000c\000e\000n\000t\000s\000\040\000e\000n\000\040\000c\000o\000s\000m\000o\000l\000o\000g\000i\000e}{section.77}% 70
\BOOKMARK [0][-]{chapter.80}{\376\377\0005\000\040\000C\000o\000l\000l\000a\000b\000o\000r\000a\000t\000i\000o\000n\000s\000\040\000P\000l\000a\000n\000c\000k\000\040\000e\000t\000\040\000S\000D\000S\000S\000-\000I\000I\000I}{}% 71
\BOOKMARK [1][-]{section.81}{\376\377\0005\000.\0001\000\040\000M\000i\000s\000s\000i\000o\000n\000\040\000P\000l\000a\000n\000c\000k}{chapter.80}% 72
\BOOKMARK [2][-]{subsection.82}{\376\377\0005\000.\0001\000.\0001\000\040\000T\000e\000c\000h\000n\000o\000l\000o\000g\000i\000e\000s\000\040\000e\000t\000\040\000d\000\351\000r\000o\000u\000l\000e\000m\000e\000n\000t\000\040\000d\000e\000\040\000l\000a\000\040\000m\000i\000s\000s\000i\000o\000n}{section.81}% 73
\BOOKMARK [2][-]{subsection.83}{\376\377\0005\000.\0001\000.\0002\000\040\000O\000b\000j\000e\000c\000t\000i\000f\000s\000\040\000s\000c\000i\000e\000n\000t\000i\000f\000i\000q\000u\000e\000s}{section.81}% 74
\BOOKMARK [2][-]{subsection.84}{\376\377\0005\000.\0001\000.\0003\000\040\000P\000r\000i\000n\000c\000i\000p\000a\000u\000x\000\040\000r\000\351\000s\000u\000l\000t\000a\000t\000s}{section.81}% 75
\BOOKMARK [1][-]{section.85}{\376\377\0005\000.\0002\000\040\000C\000o\000l\000l\000a\000b\000o\000r\000a\000t\000i\000o\000n\000\040\000S\000D\000S\000S\000-\000I\000I\000I}{chapter.80}% 76
\BOOKMARK [2][-]{subsection.86}{\376\377\0005\000.\0002\000.\0001\000\040\000B\000O\000S\000S}{section.85}% 77
\BOOKMARK [2][-]{subsection.87}{\376\377\0005\000.\0002\000.\0002\000\040\000A\000u\000t\000r\000e\000s\000\040\000r\000e\000l\000e\000v\000\351\000s}{section.85}% 78
\BOOKMARK [0][-]{chapter.88}{\376\377\0006\000\040\000D\000o\000n\000n\000\351\000e\000s\000\040\000u\000t\000i\000l\000i\000s\000\351\000e\000s}{}% 79
\BOOKMARK [1][-]{section.89}{\376\377\0006\000.\0001\000\040\000C\000a\000r\000t\000e\000\040\000d\000e\000\040\000c\000o\000n\000v\000e\000r\000g\000e\000n\000c\000e\000\040}{chapter.88}% 80
\BOOKMARK [1][-]{section.90}{\376\377\0006\000.\0002\000\040\000R\000e\000l\000e\000v\000\351\000s\000\040\000d\000e\000\040\000g\000a\000l\000a\000x\000i\000e\000s}{chapter.88}% 81
\BOOKMARK [2][-]{subsection.91}{\376\377\0006\000.\0002\000.\0001\000\040\000N\000V\000S\000S}{section.90}% 82
\BOOKMARK [2][-]{subsection.92}{\376\377\0006\000.\0002\000.\0002\000\040\000L\000o\000w\000z\000\040\000e\000t\000\040\000C\000M\000A\000S\000S}{section.90}% 83
\BOOKMARK [1][-]{section.93}{\376\377\0006\000.\0003\000\040\000Q\000u\000a\000s\000a\000r\000s\000\040\000d\000e\000\040\000B\000O\000S\000S}{chapter.88}% 84
\BOOKMARK [1][-]{section.94}{\376\377\0006\000.\0004\000\040\000F\000o\000r\000\352\000t\000s\000\040\000L\000y\000m\000a\000n\000-}{chapter.88}% 85
\BOOKMARK [1][-]{section.95}{\376\377\0006\000.\0005\000\040\000\050\000S\000o\000u\000r\000c\000e\000s\000\040\000X\000\051}{chapter.88}% 86
\BOOKMARK [0][-]{chapter.96}{\376\377\0007\000\040\000M\000\351\000t\000h\000o\000d\000o\000l\000o\000g\000i\000e}{}% 87
\BOOKMARK [1][-]{section.97}{\376\377\0007\000.\0001\000\040\000A\000n\000a\000l\000y\000s\000e\000s}{chapter.96}% 88
\BOOKMARK [2][-]{subsection.98}{\376\377\0007\000.\0001\000.\0001\000\040\000R\000o\000t\000a\000t\000i\000o\000n\000s\000\040\000d\000e\000\040\000c\000i\000e\000l}{section.97}% 89
\BOOKMARK [3][-]{subsubsection.99}{\376\377\0007\000.\0001\000.\0001\000.\0001\000\040\000R\000e\000l\000e\000v\000\351\000s\000\040\000d\000e\000\040\000g\000a\000l\000a\000x\000i\000e\000s}{subsection.98}% 90
\BOOKMARK [2][-]{subsection.100}{\376\377\0007\000.\0001\000.\0002\000\040\000S\000t\000a\000c\000k\000i\000n\000g}{section.97}% 91
\BOOKMARK [3][-]{subsubsection.101}{\376\377\0007\000.\0001\000.\0002\000.\0001\000\040\000R\000e\000l\000e\000v\000\351\000s\000\040\000d\000e\000\040\000g\000a\000l\000a\000x\000i\000e\000s}{subsection.100}% 92
\BOOKMARK [3][-]{subsubsection.102}{\376\377\0007\000.\0001\000.\0002\000.\0002\000\040\000F\000o\000r\000\352\000t\000\040\000L\000y\000m\000a\000n\000-}{subsection.100}% 93
\BOOKMARK [2][-]{subsection.103}{\376\377\0007\000.\0001\000.\0003\000\040\000S\000p\000e\000c\000t\000r\000e\000s\000\040\000c\000r\000o\000i\000s\000\351\000s\000\040\000d\000e\000\040\000p\000u\000i\000s\000s\000a\000n\000c\000e\000\040\000a\000n\000g\000u\000l\000a\000i\000r\000e}{section.97}% 94
\BOOKMARK [1][-]{section.104}{\376\377\0007\000.\0002\000\040\000V\000a\000l\000i\000d\000a\000t\000i\000o\000n\000s}{chapter.96}% 95
\BOOKMARK [2][-]{subsection.105}{\376\377\0007\000.\0002\000.\0001\000\040\000S\000i\000m\000u\000l\000a\000t\000i\000o\000n\000s}{section.104}% 96
\BOOKMARK [2][-]{subsection.106}{\376\377\0007\000.\0002\000.\0002\000\040\000H\000y\000p\000o\000t\000h\000\350\000s\000e\000\040\000n\000u\000l\000l\000e}{section.104}% 97
\BOOKMARK [0][-]{chapter.107}{\376\377\0008\000\040\000R\000\351\000s\000u\000l\000t\000a\000t\000s}{}% 98
\BOOKMARK [1][-]{section.108}{\376\377\0008\000.\0001\000\040\000D\000\351\000t\000e\000c\000t\000i\000o\000n\000\040\000d\000e\000\040\000s\000i\000g\000n\000a\000l}{chapter.107}% 99
\BOOKMARK [2][-]{subsection.109}{\376\377\0008\000.\0001\000.\0001\000\040\000L\000e\000n\000s\000i\000n\000g\000\040\000e\000t\000\040\000r\000e\000l\000e\000v\000\351\000s}{section.108}% 100
\BOOKMARK [2][-]{subsection.110}{\376\377\0008\000.\0001\000.\0002\000\040\000L\000e\000n\000s\000i\000n\000g\000\040\000e\000t\000\040\000Q\000S\000O}{section.108}% 101
\BOOKMARK [2][-]{subsection.111}{\376\377\0008\000.\0001\000.\0003\000\040\000L\000e\000n\000s\000i\000n\000g\000\040\000e\000t\000\040\000f\000o\000r\000\352\000t\000s\000\040\000L\000y\000m\000a\000n\000-}{section.108}% 102
\BOOKMARK [1][-]{section.112}{\376\377\0008\000.\0002\000\040\000E\000s\000t\000i\000m\000a\000t\000i\000o\000n\000\040\000d\000e\000\040\000p\000a\000r\000a\000m\000\350\000t\000r\000e\000s}{chapter.107}% 103
\BOOKMARK [2][-]{subsection.113}{\376\377\0008\000.\0002\000.\0001\000\040\000F\000i\000t\000\040\000d\000e\000\040\000s\000p\000e\000c\000t\000r\000e\000s\000\040\000t\000h\000\351\000o\000r\000i\000q\000u\000e\000s}{section.112}% 104
\BOOKMARK [2][-]{subsection.114}{\376\377\0008\000.\0002\000.\0002\000\040\000E\000s\000t\000i\000m\000a\000t\000i\000o\000n\000\040\000d\000e\000\040\000b\000i\000a\000i\000s\000\040\000d\000e\000\040\000g\000a\000l\000a\000x\000i\000e\000s}{section.112}% 105
\BOOKMARK [0][-]{chapter.115}{\376\377\0009\000\040\000C\000o\000n\000c\000l\000u\000s\000i\000o\000n\000s}{}% 106
\BOOKMARK [1][-]{section.116}{\376\377\0009\000.\0001\000\040\000R\000\351\000c\000a\000p\000i\000t\000u\000l\000a\000t\000i\000f}{chapter.115}% 107
\BOOKMARK [1][-]{section.117}{\376\377\0009\000.\0002\000\040\000P\000r\000o\000s\000p\000e\000c\000t\000i\000v\000e}{chapter.115}% 108
\BOOKMARK [2][-]{subsection.118}{\376\377\0009\000.\0002\000.\0001\000\040\000L\000S\000S}{section.117}% 109
\BOOKMARK [2][-]{subsection.119}{\376\377\0009\000.\0002\000.\0002\000\040\000E\000u\000c\000l\000i\000d}{section.117}% 110
\BOOKMARK [2][-]{subsection.120}{\376\377\0009\000.\0002\000.\0003\000\040\000S\000K\000A}{section.117}% 111
\BOOKMARK [2][-]{subsection.121}{\376\377\0009\000.\0002\000.\0004\000\040\000W\000E\000A\000V\000E}{section.117}% 112
\BOOKMARK [2][-]{subsection.122}{\376\377\0009\000.\0002\000.\0005\000\040\000S\000t\000a\000t\000i\000s\000t\000i\000q\000u\000e\000s\000\040\000d\000'\000o\000r\000d\000r\000e\000\040\000s\000u\000p\000\351\000r\000i\000e\000u\000r}{section.117}% 113
\BOOKMARK [0][-]{appendix.123}{\376\377\000A\000\040\000A\000p\000p\000e\000n\000d\000i\000x\000\040\000T\000i\000t\000l\000e\000\040\000H\000e\000r\000e}{}% 114
